Using pre-set license

 COMMAND LINE ARGUMENTS:
/Applications/Unity/Hub/Editor/2020.2.0f1/Unity.app/Contents/MacOS/Unity
-adb2
-batchMode
-noUpm
-name
AssetImportWorker0
-projectPath
/Users/ericboris/Documents/supergrassy
-logFile
Logs/AssetImportWorker0.log
-srvPort
59964
Successfully changed project path to: /Users/ericboris/Documents/supergrassy
/Users/ericboris/Documents/supergrassy
Using Asset Import Pipeline V2.
Refreshing native plugins compatible for Editor in 36.51 ms, found 2 plugins.
Preloading 0 native plugins for Editor in 0.00 ms.
Initialize engine version: 2020.2.0f1 (3721df5a8b28)
[Subsystems] Discovering subsystems at path /Applications/Unity/Hub/Editor/2020.2.0f1/Unity.app/Contents/Resources/UnitySubsystems
[Subsystems] Discovering subsystems at path /Users/ericboris/Documents/supergrassy/Assets
GfxDevice: creating device client; threaded=0
2020-12-18 09:39:19.255 Unity[20128:658785] (null) preferred device: Apple M1 (high power)
2020-12-18 09:39:19.255 Unity[20128:658785] Metal devices available: 1
2020-12-18 09:39:19.255 Unity[20128:658785] 0: Apple M1 (high power)
2020-12-18 09:39:19.256 Unity[20128:658785] Using device Apple M1 (high power)
Initializing Metal device caps: Apple M1
Initialize mono
Mono path[0] = '/Applications/Unity/Hub/Editor/2020.2.0f1/Unity.app/Contents/Managed'
Mono path[1] = '/Applications/Unity/Hub/Editor/2020.2.0f1/Unity.app/Contents/MonoBleedingEdge/lib/mono/unityjit'
Mono config path = '/Applications/Unity/Hub/Editor/2020.2.0f1/Unity.app/Contents/MonoBleedingEdge/etc'
Using monoOptions --debugger-agent=transport=dt_socket,embedding=1,server=y,suspend=n,address=127.0.0.1:56128
Begin MonoManager ReloadAssembly
Registering precompiled unity dll's ...
Register platform support module: /Applications/Unity/Hub/Editor/2020.2.0f1/Unity.app/Contents/PlaybackEngines/MacStandaloneSupport/UnityEditor.OSXStandalone.Extensions.dll
Registered in 0.000352 seconds.
Native extension for OSXStandalone target not found
Refreshing native plugins compatible for Editor in 38.38 ms, found 2 plugins.
Preloading 0 native plugins for Editor in 0.00 ms.
Invoked RoslynAnalysisRunner static constructor.
RoslynAnalysisRunner will not be running.
RoslynAnalysisRunner has terminated.
Mono: successfully reloaded assembly
- Completed reload, in  1.936 seconds
Platform modules already initialized, skipping
Registering precompiled user dll's ...
Registered in 0.000355 seconds.
Begin MonoManager ReloadAssembly
Native extension for OSXStandalone target not found
Refreshing native plugins compatible for Editor in 37.77 ms, found 2 plugins.
Preloading 0 native plugins for Editor in 0.00 ms.
Invoked RoslynAnalysisRunner static constructor.
RoslynAnalysisRunner will not be running.
RoslynAnalysisRunner has terminated.
Mono: successfully reloaded assembly
- Completed reload, in  1.757 seconds
Platform modules already initialized, skipping
========================================================================
Worker process is ready to serve import requests
Launching external process: /Applications/Unity/Hub/Editor/2020.2.0f1/Unity.app/Contents/Tools/UnityShaderCompiler
Launched and connected shader compiler UnityShaderCompiler after 0.03 seconds
Refreshing native plugins compatible for Editor in 0.36 ms, found 2 plugins.
Preloading 0 native plugins for Editor in 0.00 ms.
Unloading 1788 Unused Serialized files (Serialized files now loaded: 0)
System memory in use before: 142.6 MB.
System memory in use after: 142.6 MB.

Unloading 24 unused Assets to reduce memory usage. Loaded Objects now: 2227.
Total: 1.563792 ms (FindLiveObjects: 0.155625 ms CreateObjectMapping: 0.036709 ms MarkObjects: 1.264292 ms  DeleteObjects: 0.106125 ms)

========================================================================
Received Import Request.
  path: Assets/Materials/SlipperyPlayerMaterial.physicsMaterial2D
  artifactKey: Guid(c47b30425551346b993b90298aa8e413) Importer(815301076,1909f56bfc062723c751e8b465ee728b)
Start importing Assets/Materials/SlipperyPlayerMaterial.physicsMaterial2D using Guid(c47b30425551346b993b90298aa8e413) Importer(815301076,1909f56bfc062723c751e8b465ee728b)  -> (artifact id: '456c84fa7042ad16d7b83420519dcee6') in 0.534801 seconds
  Import took 0.538000 seconds .

========================================================================
Received Import Request.
  Time since last request: 4.902715 seconds.
  path: Assets/Scripts/CameraMovement.cs
  artifactKey: Guid(da7076ccbeee84e36add30e6321bf627) Importer(815301076,1909f56bfc062723c751e8b465ee728b)
Start importing Assets/Scripts/CameraMovement.cs using Guid(da7076ccbeee84e36add30e6321bf627) Importer(815301076,1909f56bfc062723c751e8b465ee728b)  -> (artifact id: '645f0aa342fdd07fb7034b6e2fb646ce') in 1.531313 seconds
  Import took 1.533960 seconds .

========================================================================
Received Prepare
Registering precompiled user dll's ...
Registered in 0.000537 seconds.
Begin MonoManager ReloadAssembly
Native extension for OSXStandalone target not found
Refreshing native plugins compatible for Editor in 0.42 ms, found 2 plugins.
Preloading 0 native plugins for Editor in 0.00 ms.
Invoked RoslynAnalysisRunner static constructor.
RoslynAnalysisRunner will not be running.
RoslynAnalysisRunner has terminated.
Mono: successfully reloaded assembly
- Completed reload, in  1.724 seconds
Platform modules already initialized, skipping
Refreshing native plugins compatible for Editor in 0.38 ms, found 2 plugins.
Preloading 0 native plugins for Editor in 0.00 ms.
Unloading 1784 Unused Serialized files (Serialized files now loaded: 0)
System memory in use before: 151.3 MB.
System memory in use after: 151.3 MB.

Unloading 12 unused Assets to reduce memory usage. Loaded Objects now: 2231.
Total: 1.684833 ms (FindLiveObjects: 0.155125 ms CreateObjectMapping: 0.036459 ms MarkObjects: 1.403208 ms  DeleteObjects: 0.088875 ms)

========================================================================
Received Import Request.
  Time since last request: 279.144641 seconds.
  path: Assets/Scripts/CameraMovement.cs
  artifactKey: Guid(da7076ccbeee84e36add30e6321bf627) Importer(815301076,1909f56bfc062723c751e8b465ee728b)
Start importing Assets/Scripts/CameraMovement.cs using Guid(da7076ccbeee84e36add30e6321bf627) Importer(815301076,1909f56bfc062723c751e8b465ee728b)  -> (artifact id: '2e8b88b75d9d15ede806c1ef1a0d29b1') in 0.005889 seconds
  Import took 0.008263 seconds .

========================================================================
Received Prepare
Registering precompiled user dll's ...
Registered in 0.000790 seconds.
Begin MonoManager ReloadAssembly
Native extension for OSXStandalone target not found
Refreshing native plugins compatible for Editor in 0.39 ms, found 2 plugins.
Preloading 0 native plugins for Editor in 0.00 ms.
Invoked RoslynAnalysisRunner static constructor.
RoslynAnalysisRunner will not be running.
RoslynAnalysisRunner has terminated.
Mono: successfully reloaded assembly
- Completed reload, in  1.726 seconds
Platform modules already initialized, skipping
Refreshing native plugins compatible for Editor in 0.32 ms, found 2 plugins.
Preloading 0 native plugins for Editor in 0.00 ms.
Unloading 1784 Unused Serialized files (Serialized files now loaded: 0)
System memory in use before: 151.6 MB.
System memory in use after: 151.6 MB.

Unloading 12 unused Assets to reduce memory usage. Loaded Objects now: 2234.
Total: 1.628167 ms (FindLiveObjects: 0.108083 ms CreateObjectMapping: 0.036375 ms MarkObjects: 1.400666 ms  DeleteObjects: 0.082125 ms)

========================================================================
Received Import Request.
  Time since last request: 19.860421 seconds.
  path: Assets/Scripts/CameraMovement.cs
  artifactKey: Guid(da7076ccbeee84e36add30e6321bf627) Importer(815301076,1909f56bfc062723c751e8b465ee728b)
Start importing Assets/Scripts/CameraMovement.cs using Guid(da7076ccbeee84e36add30e6321bf627) Importer(815301076,1909f56bfc062723c751e8b465ee728b)  -> (artifact id: 'ed93b8bf1c602be4a8e90c899d28f221') in 0.005307 seconds
  Import took 0.007532 seconds .

========================================================================
Received Prepare
Registering precompiled user dll's ...
Registered in 0.000489 seconds.
Begin MonoManager ReloadAssembly
Native extension for OSXStandalone target not found
Refreshing native plugins compatible for Editor in 0.39 ms, found 2 plugins.
Preloading 0 native plugins for Editor in 0.00 ms.
Invoked RoslynAnalysisRunner static constructor.
RoslynAnalysisRunner will not be running.
RoslynAnalysisRunner has terminated.
Mono: successfully reloaded assembly
- Completed reload, in  1.695 seconds
Platform modules already initialized, skipping
Refreshing native plugins compatible for Editor in 0.27 ms, found 2 plugins.
Preloading 0 native plugins for Editor in 0.00 ms.
Unloading 1784 Unused Serialized files (Serialized files now loaded: 0)
System memory in use before: 151.9 MB.
System memory in use after: 151.9 MB.

Unloading 12 unused Assets to reduce memory usage. Loaded Objects now: 2237.
Total: 1.664708 ms (FindLiveObjects: 0.100833 ms CreateObjectMapping: 0.035167 ms MarkObjects: 1.444666 ms  DeleteObjects: 0.083208 ms)

========================================================================
Received Prepare
Registering precompiled user dll's ...
Registered in 0.000523 seconds.
Begin MonoManager ReloadAssembly
Native extension for OSXStandalone target not found
Refreshing native plugins compatible for Editor in 0.38 ms, found 2 plugins.
Preloading 0 native plugins for Editor in 0.00 ms.
Invoked RoslynAnalysisRunner static constructor.
RoslynAnalysisRunner will not be running.
RoslynAnalysisRunner has terminated.
Mono: successfully reloaded assembly
- Completed reload, in  1.691 seconds
Platform modules already initialized, skipping
Refreshing native plugins compatible for Editor in 0.36 ms, found 2 plugins.
Preloading 0 native plugins for Editor in 0.00 ms.
Unloading 1784 Unused Serialized files (Serialized files now loaded: 0)
System memory in use before: 152.2 MB.
System memory in use after: 152.2 MB.

Unloading 12 unused Assets to reduce memory usage. Loaded Objects now: 2240.
Total: 1.850375 ms (FindLiveObjects: 0.179084 ms CreateObjectMapping: 0.033917 ms MarkObjects: 1.539708 ms  DeleteObjects: 0.096709 ms)

========================================================================
Received Prepare
Registering precompiled user dll's ...
Registered in 0.000895 seconds.
Begin MonoManager ReloadAssembly
Native extension for OSXStandalone target not found
Refreshing native plugins compatible for Editor in 0.43 ms, found 2 plugins.
Preloading 0 native plugins for Editor in 0.00 ms.
Invoked RoslynAnalysisRunner static constructor.
RoslynAnalysisRunner will not be running.
RoslynAnalysisRunner has terminated.
Mono: successfully reloaded assembly
- Completed reload, in  1.796 seconds
Platform modules already initialized, skipping
Refreshing native plugins compatible for Editor in 0.39 ms, found 2 plugins.
Preloading 0 native plugins for Editor in 0.00 ms.
Unloading 1784 Unused Serialized files (Serialized files now loaded: 0)
System memory in use before: 152.6 MB.
System memory in use after: 152.6 MB.

Unloading 12 unused Assets to reduce memory usage. Loaded Objects now: 2243.
Total: 2.364542 ms (FindLiveObjects: 0.273875 ms CreateObjectMapping: 0.036083 ms MarkObjects: 1.921708 ms  DeleteObjects: 0.130875 ms)

========================================================================
Received Prepare
Registering precompiled user dll's ...
Registered in 0.000527 seconds.
Begin MonoManager ReloadAssembly
Native extension for OSXStandalone target not found
Refreshing native plugins compatible for Editor in 0.36 ms, found 2 plugins.
Preloading 0 native plugins for Editor in 0.00 ms.
Invoked RoslynAnalysisRunner static constructor.
RoslynAnalysisRunner will not be running.
RoslynAnalysisRunner has terminated.
Mono: successfully reloaded assembly
- Completed reload, in  1.643 seconds
Platform modules already initialized, skipping
Refreshing native plugins compatible for Editor in 0.36 ms, found 2 plugins.
Preloading 0 native plugins for Editor in 0.00 ms.
Unloading 1784 Unused Serialized files (Serialized files now loaded: 0)
System memory in use before: 152.8 MB.
System memory in use after: 152.9 MB.

Unloading 12 unused Assets to reduce memory usage. Loaded Objects now: 2246.
Total: 1.642375 ms (FindLiveObjects: 0.136416 ms CreateObjectMapping: 0.035000 ms MarkObjects: 1.384959 ms  DeleteObjects: 0.085333 ms)

